<?xml version="1.0" encoding="UTF-8"?>
<!-- Generated by org.testng.reporters.JUnitXMLReporter -->
<testsuite ignored="16" hostname="DESKTOP-N2HG8IN" failures="3" tests="53" name="Test" time="149.189" errors="0" timestamp="2025-11-02T02:20:48 IST">
  <testcase classname="com.client.BookShop_KK.Module.HomePageModule.HomePage02Test" name="LoginButtonVerificationTest" time="7.199"/>
  <testcase classname="com.client.BookShop_KK.Module.HomePageModule.HomePage02Test" name="SignUpButtonVerificationTest" time="2.003"/>
  <testcase classname="com.client.BookShop_KK.Module.RegionalBooks.RegionalBooksTest" name="integrationBetweenChildAndTeensLinkAndProductListingPage" time="4.629"/>
  <testcase classname="com.client.BookShop_KK.Module.ChildrenAndTeens.ChildrenAndTeensTest" name="integrationBetweenChildAndTeensLinkAndProductListingPage" time="2.623"/>
  <testcase classname="com.client.BookShop_KK.Module.HomePageModule.HomepageTest" name="veifyCategoryNamesTest" time="4.986"/>
  <testcase classname="com.client.BookShop_KK.Module.HomePageModule.HomePage02Test" name="createAccountVerificationTest" time="4.666"/>
  <testcase classname="com.client.BookShop_KK.Module.PopularAuthors.PopularAuthorsTest" name="navigateToPopularAuthorSelectBookAddToCartTest" time="9.832"/>
  <testcase classname="com.client.BookShop_KK.Module.RegionalBooks.RegionalBooksTest" name="selectBookAndAddToCartAndPlaceOrderTest" time="4.312">
    <failure type="java.lang.AssertionError" message="The following asserts failed:
	expected [Madhusala] but found [365 Bedtime Stories],
	expected [3] but found [2],
	expected [true] but found [false]">
      <![CDATA[java.lang.AssertionError: The following asserts failed:
expected [Madhusala] but found [365 Bedtime Stories],
expected [3] but found [2],
expected [true] but found [false]
at com.client.BookShop_KK.Module.RegionalBooks.RegionalBooksTest.selectBookAndAddToCartAndPlaceOrderTest(RegionalBooksTest.java:65)
at java.base/java.util.concurrent.Executors$RunnableAdapter.call(Executors.java:572)
at java.base/java.util.concurrent.FutureTask.run(FutureTask.java:317)
at java.base/java.util.concurrent.ThreadPoolExecutor.runWorker(ThreadPoolExecutor.java:1144)
at java.base/java.util.concurrent.ThreadPoolExecutor$Worker.run(ThreadPoolExecutor.java:642)
at java.base/java.lang.Thread.run(Thread.java:1583)
... Removed 13 stack frames]]>
    </failure>
  </testcase> <!-- selectBookAndAddToCartAndPlaceOrderTest -->
  <testcase classname="com.client.BookShop_KK.Module.HomePageModule.HomepageTest" name="veifyCategorylinkTest" time="0.958"/>
  <testcase classname="com.client.BookShop_KK.Module.HomePageModule.HomePage02Test" name="userNamePostAccountCreationVerificationTest" time="6.28"/>
  <testcase classname="com.client.BookShop_KK.Module.ChildrenAndTeens.ChildrenAndTeensTest" name="selectBookAndAddToCartAndPlaceOrderTest" time="6.07"/>
  <testcase classname="com.client.BookShop_KK.Module.HomePageModule.HomepageTest" name="veifyCategorylinkTest" time="1.423"/>
  <testcase classname="com.client.BookShop_KK.Module.RegionalBooks.RegionalBooksTest" name="selectBookAndAddToCartTest" time="3.335">
    <failure type="java.lang.AssertionError" message="The following asserts failed:
	expected [Madhusala] but found [365 Bedtime Stories],
	expected [3] but found [2],
	expected [true] but found [false]">
      <![CDATA[java.lang.AssertionError: The following asserts failed:
expected [Madhusala] but found [365 Bedtime Stories],
expected [3] but found [2],
expected [true] but found [false]
at com.client.BookShop_KK.Module.RegionalBooks.RegionalBooksTest.selectBookAndAddToCartTest(RegionalBooksTest.java:45)
at java.base/java.util.concurrent.Executors$RunnableAdapter.call(Executors.java:572)
at java.base/java.util.concurrent.FutureTask.run(FutureTask.java:317)
at java.base/java.util.concurrent.ThreadPoolExecutor.runWorker(ThreadPoolExecutor.java:1144)
at java.base/java.util.concurrent.ThreadPoolExecutor$Worker.run(ThreadPoolExecutor.java:642)
at java.base/java.lang.Thread.run(Thread.java:1583)
... Removed 13 stack frames]]>
    </failure>
  </testcase> <!-- selectBookAndAddToCartTest -->
  <testcase classname="com.client.BookShop_KK.Module.HomePageModule.HomepageTest" name="veifyCategorylinkTest" time="0.867"/>
  <testcase classname="com.client.BookShop_KK.Module.PopularAuthors.PopularAuthorsTest" name="navigateToPopularAuthorSelectBookAndPlaceOrderTestTest" time="8.098"/>
  <testcase classname="com.client.BookShop_KK.Module.ChildrenAndTeens.ChildrenAndTeensTest" name="selectBookAndAddToCartTest" time="5.95"/>
  <testcase classname="com.client.BookShop_KK.Module.HomePageModule.HomepageTest" name="veifyCategorylinkTest" time="1.384"/>
  <testcase classname="com.client.BookShop_KK.Module.HomePageModule.HomepageTest" name="verifyBookbirdLogoDisplayedTest" time="0.181"/>
  <testcase classname="com.client.BookShop_KK.Module.RegionalBooks.RegionalBooksTest" name="sortAndSelectBookAndAddToCartAndPlaceOrderTest" time="7.724">
    <failure type="java.lang.AssertionError" message="The following asserts failed:
	expected [Madhusala] but found [365 Bedtime Stories],
	expected [3] but found [2],
	expected [true] but found [false]">
      <![CDATA[java.lang.AssertionError: The following asserts failed:
expected [Madhusala] but found [365 Bedtime Stories],
expected [3] but found [2],
expected [true] but found [false]
at com.client.BookShop_KK.Module.RegionalBooks.RegionalBooksTest.sortAndSelectBookAndAddToCartAndPlaceOrderTest(RegionalBooksTest.java:107)
at java.base/java.util.concurrent.Executors$RunnableAdapter.call(Executors.java:572)
at java.base/java.util.concurrent.FutureTask.run(FutureTask.java:317)
at java.base/java.util.concurrent.ThreadPoolExecutor.runWorker(ThreadPoolExecutor.java:1144)
at java.base/java.util.concurrent.ThreadPoolExecutor$Worker.run(ThreadPoolExecutor.java:642)
at java.base/java.lang.Thread.run(Thread.java:1583)
... Removed 13 stack frames]]>
    </failure>
  </testcase> <!-- sortAndSelectBookAndAddToCartAndPlaceOrderTest -->
  <testcase classname="src.test.java.com.client.BookShop_KK.Module.BusinessAndManagement.BusinessAndManagement" name="businessAndManagementLinkAndProductDetailPageTest" time="2.522"/>
  <testcase classname="com.client.BookShop_KK.Module.HomePageModule.HomepageTest" name="verifyNavigationToHomePageViaLogo" time="1.461"/>
  <testcase classname="src.test.java.com.client.BookShop_KK.Module.BusinessAndManagement.BusinessAndManagement" name="businessAndManagementLinkAndProductListingPageTest" time="1.041"/>
  <testcase classname="com.client.BookShop_KK.Module.PopularAuthors.PopularAuthorsTest" name="navigateToPopularAuthorSelectBookAndPlaceOrderTestTest" time="8.298"/>
  <testcase classname="com.client.BookShop_KK.Module.HomePageModule.HomepageTest" name="verifySerarchBaarVisiblityTest" time="0.182"/>
  <testcase classname="com.client.BookShop_KK.Module.HomePageModule.HomepageTest" name="verifySerarchBaarWithValidBookNameTest" time="1.883"/>
  <testcase classname="src.test.java.com.client.BookShop_KK.Module.BusinessAndManagement.BusinessAndManagement" name="productDetailRemainConstantInCartPageTest" time="5.733"/>
  <testcase classname="src.test.java.com.client.BookShop_KK.Module.HealthAndCooking.HealthAndCooking" name="healthAndCookingLinkAndProductDetailPageTest" time="3.755"/>
  <testcase classname="src.test.java.com.client.BookShop_KK.Module.HealthAndCooking.HealthAndCooking" name="healthAndCookingLinkAndProductListingPageTest" time="1.347"/>
  <testcase classname="com.client.BookShop_KK.Module.PopularAuthors.PopularAuthorsTest" name="navigateToPopularAuthorSelectBookAndPlaceOrderTestTest" time="9.762"/>
  <testcase classname="src.test.java.com.client.BookShop_KK.Module.BusinessAndManagement.BusinessAndManagement" name="selectBookAndAddToCartAndPlaceOrderTest" time="5.281"/>
  <testcase classname="src.test.java.com.client.BookShop_KK.Module.HealthAndCooking.HealthAndCooking" name="productDetailRemainConstantInCarPageTest" time="7.251"/>
  <testcase classname="src.test.java.com.client.BookShop_KK.Module.TopNavigationBar.TopNavigationBarTest" name="InvalidProductNameAndProductListingPageTest" time="3.519"/>
  <testcase classname="src.test.java.com.client.BookShop_KK.Module.BusinessAndManagement.BusinessAndManagement" name="userIsAbleToNavigateBackToHomePage" time="4.189"/>
  <testcase classname="com.client.BookShop_KK.Module.ChildrenAndTeens.ChildrenAndTeensTest" name="sortAndSelectBookAndAddToCartAndPlaceOrderTest" time="29.897"/>
  <testcase classname="src.test.java.com.client.BookShop_KK.Module.BusinessAndManagement.BusinessAndManagement" name="verifyDiscountSortingHighToLow" time="1.59"/>
  <testcase classname="src.test.java.com.client.BookShop_KK.Module.HealthAndCooking.HealthAndCooking" name="selectBookAndAddToCartAndPlaceOrderTest" time="3.91"/>
  <testcase classname="com.client.BookShop_KK.Module.PopularAuthors.PopularAuthorsTest" name="navigateToPopularAuthorSelectBookAndPlaceOrderTestTest" time="8.931"/>
  <testcase classname="src.test.java.com.client.BookShop_KK.Module.TopNavigationBar.TopNavigationBarTest" name="searchBarAndAddToCartTest" time="4.312"/>
  <testcase classname="src.test.java.com.client.BookShop_KK.Module.TopNavigationBar.TopNavigationBarNegativeTest" name="navigateToProductListingWithoutLogin" time="1.686"/>
  <testcase classname="src.test.java.com.client.BookShop_KK.Module.TopNavigationBar.TopNavigationBarTest" name="searchBarAndCartPageTest" time="3.283"/>
  <testcase classname="com.client.BookShop_KK.Module.PopularAuthors.PopularAuthorsTest" name="sortDiscountSelectAddToCartAndPlaceOrderFromPopularAuthorTest" time="4.235"/>
  <testcase classname="src.test.java.com.client.BookShop_KK.Module.TopNavigationBar.TopNavigationBarTest" name="searchBarAndPlaceOrderTest" time="3.364"/>
  <testcase classname="com.client.BookShop_KK.Module.PopularAuthors.PopularAuthorsTest" name="sortPriceSelectAddToCartAndPlaceOrderFromPopularAuthorTest" time="4.484"/>
  <testcase classname="src.test.java.com.client.BookShop_KK.Module.TopNavigationBar.TopNavigationBarTest" name="searchBarAndProductDetailPageTest" time="2.017"/>
  <testcase classname="com.client.BookShop_KK.Module.PopularAuthors.PopularAuthorsTest" name="verifyBannerLinkLinkTest" time="1.211"/>
  <testcase classname="com.client.BookShop_KK.Module.PopularAuthors.PopularAuthorsTest" name="verifyPopularAuthorDisplayedTestTest" time="0.147"/>
  <testcase classname="src.test.java.com.client.BookShop_KK.Module.TopNavigationBar.TopNavigationBarTest" name="searchBarAndProductListingPageTest" time="1.508"/>
  <testcase classname="com.client.BookShop_KK.Module.PopularAuthors.PopularAuthorsTest" name="verifyPopularAuthorLink" time="1.185"/>
  <testcase classname="src.test.java.com.client.BookShop_KK.Module.BusinessAndManagement.BusinessAndManagement" name="verifyDiscountSortingLowToHigh" time="21.852"/>
  <testcase classname="src.test.java.com.client.BookShop_KK.Module.TopNavigationBar.TopNavigationBarTest" name="searchBookAndAddToCartTest" time="2.927"/>
  <testcase classname="src.test.java.com.client.BookShop_KK.Module.BusinessAndManagement.BusinessAndManagement" name="verifyPriceSortingHighToLow" time="22.01"/>
  <testcase classname="src.test.java.com.client.BookShop_KK.Module.BusinessAndManagement.BusinessAndManagement" name="verifyPriceSortingLowToHigh" time="21.691"/>
  <testcase classname="src.test.java.com.client.BookShop_KK.Module.BusinessAndManagement.BusinessAndManagement" name="verifySortLinkDisdplay" time="0.566"/>
  <testcase classname="com.client.BookShopSystem.BaseUtility.MaterBaseClass" name="@BeforeSuite beforeSuitConfigMethod" time="0.0">
    <ignored/>
  </testcase> <!-- @BeforeSuite beforeSuitConfigMethod -->
  <testcase classname="com.client.BookShopSystem.BaseUtility.MaterBaseClass" name="@BeforeSuite beforeSuitConfigMethod" time="0.0">
    <ignored/>
  </testcase> <!-- @BeforeSuite beforeSuitConfigMethod -->
  <testcase classname="com.client.BookShopSystem.BaseUtility.MaterBaseClass" name="@BeforeSuite beforeSuitConfigMethod" time="0.0">
    <ignored/>
  </testcase> <!-- @BeforeSuite beforeSuitConfigMethod -->
  <testcase classname="com.client.BookShopSystem.BaseUtility.MaterBaseClass" name="@BeforeSuite beforeSuitConfigMethod" time="0.0">
    <ignored/>
  </testcase> <!-- @BeforeSuite beforeSuitConfigMethod -->
  <testcase classname="com.client.BookShopSystem.BaseUtility.MaterBaseClass" name="@AfterSuite afterSuiteConfigMethod" time="0.0">
    <ignored/>
  </testcase> <!-- @AfterSuite afterSuiteConfigMethod -->
  <testcase classname="com.client.BookShopSystem.BaseUtility.MaterBaseClass" name="@BeforeSuite beforeSuitConfigMethod" time="0.0">
    <ignored/>
  </testcase> <!-- @BeforeSuite beforeSuitConfigMethod -->
  <testcase classname="com.client.BookShopSystem.BaseUtility.MaterBaseClass" name="@AfterSuite afterSuiteConfigMethod" time="0.0">
    <ignored/>
  </testcase> <!-- @AfterSuite afterSuiteConfigMethod -->
  <testcase classname="com.client.BookShopSystem.BaseUtility.MaterBaseClass" name="@AfterSuite afterSuiteConfigMethod" time="0.0">
    <ignored/>
  </testcase> <!-- @AfterSuite afterSuiteConfigMethod -->
  <testcase classname="com.client.BookShopSystem.BaseUtility.MaterBaseClass" name="@BeforeSuite beforeSuitConfigMethod" time="0.0">
    <ignored/>
  </testcase> <!-- @BeforeSuite beforeSuitConfigMethod -->
  <testcase classname="com.client.BookShopSystem.BaseUtility.MaterBaseClass" name="@BeforeSuite beforeSuitConfigMethod" time="0.0">
    <ignored/>
  </testcase> <!-- @BeforeSuite beforeSuitConfigMethod -->
  <testcase classname="com.client.BookShopSystem.BaseUtility.MaterBaseClass" name="@AfterSuite afterSuiteConfigMethod" time="0.0">
    <ignored/>
  </testcase> <!-- @AfterSuite afterSuiteConfigMethod -->
  <testcase classname="com.client.BookShopSystem.BaseUtility.MaterBaseClass" name="@AfterSuite afterSuiteConfigMethod" time="0.0">
    <ignored/>
  </testcase> <!-- @AfterSuite afterSuiteConfigMethod -->
  <testcase classname="com.client.BookShopSystem.BaseUtility.MaterBaseClass" name="@AfterSuite afterSuiteConfigMethod" time="0.0">
    <ignored/>
  </testcase> <!-- @AfterSuite afterSuiteConfigMethod -->
  <testcase classname="com.client.BookShopSystem.BaseUtility.MaterBaseClass" name="@BeforeSuite beforeSuitConfigMethod" time="0.0">
    <ignored/>
  </testcase> <!-- @BeforeSuite beforeSuitConfigMethod -->
  <testcase classname="com.client.BookShopSystem.BaseUtility.MaterBaseClass" name="@AfterSuite afterSuiteConfigMethod" time="0.0">
    <ignored/>
  </testcase> <!-- @AfterSuite afterSuiteConfigMethod -->
  <testcase classname="com.client.BookShopSystem.BaseUtility.MaterBaseClass" name="@AfterSuite afterSuiteConfigMethod" time="0.0">
    <ignored/>
  </testcase> <!-- @AfterSuite afterSuiteConfigMethod -->
</testsuite> <!-- Test -->
