<?xml version="1.0" encoding="UTF-8"?>
<!-- Generated by org.testng.reporters.JUnitXMLReporter -->
<testsuite ignored="13" hostname="DESKTOP-N2HG8IN" failures="5" tests="6" name="Test(failed)" time="20.899" errors="0" timestamp="2025-11-02T02:11:50 IST">
  <testcase classname="src.test.java.com.client.BookShop_KK.Module.HealthAndCooking.HealthAndCooking" name="selectBookAndAddToCartAndPlaceOrderTest" time="4.059">
    <failure type="java.lang.AssertionError" message="The following asserts failed:
	expected [SAVOUR MUMBAI: A Culinary Journey Through India&amp;apos;s Melting Pot] but found [Human Resource Management : Text and Cases 7th Edition],
	expected [2] but found [9],
	expected [true] but found [false]">
      <![CDATA[java.lang.AssertionError: The following asserts failed:
expected [SAVOUR MUMBAI: A Culinary Journey Through India's Melting Pot] but found [Human Resource Management : Text and Cases 7th Edition],
expected [2] but found [9],
expected [true] but found [false]
at src.test.java.com.client.BookShop_KK.Module.HealthAndCooking.HealthAndCooking.selectBookAndAddToCartAndPlaceOrderTest(HealthAndCooking.java:89)
at java.base/java.util.concurrent.Executors$RunnableAdapter.call(Executors.java:572)
at java.base/java.util.concurrent.FutureTask.run(FutureTask.java:317)
at java.base/java.util.concurrent.ThreadPoolExecutor.runWorker(ThreadPoolExecutor.java:1144)
at java.base/java.util.concurrent.ThreadPoolExecutor$Worker.run(ThreadPoolExecutor.java:642)
at java.base/java.lang.Thread.run(Thread.java:1583)
... Removed 13 stack frames]]>
    </failure>
  </testcase> <!-- selectBookAndAddToCartAndPlaceOrderTest -->
  <testcase classname="com.client.BookShop_KK.Module.RegionalBooks.RegionalBooksTest" name="sortAndSelectBookAndAddToCartAndPlaceOrderTest" time="7.149">
    <failure type="java.lang.AssertionError" message="The following asserts failed:
	expected [Bharat Ki Rajvyavastha] but found [Human Resource Management : Text and Cases 7th Edition],
	expected [2] but found [9],
	expected [true] but found [false]">
      <![CDATA[java.lang.AssertionError: The following asserts failed:
expected [Bharat Ki Rajvyavastha] but found [Human Resource Management : Text and Cases 7th Edition],
expected [2] but found [9],
expected [true] but found [false]
at com.client.BookShop_KK.Module.RegionalBooks.RegionalBooksTest.sortAndSelectBookAndAddToCartAndPlaceOrderTest(RegionalBooksTest.java:107)
at java.base/java.util.concurrent.Executors$RunnableAdapter.call(Executors.java:572)
at java.base/java.util.concurrent.FutureTask.run(FutureTask.java:317)
at java.base/java.util.concurrent.ThreadPoolExecutor.runWorker(ThreadPoolExecutor.java:1144)
at java.base/java.util.concurrent.ThreadPoolExecutor$Worker.run(ThreadPoolExecutor.java:642)
at java.base/java.lang.Thread.run(Thread.java:1583)
... Removed 13 stack frames]]>
    </failure>
  </testcase> <!-- sortAndSelectBookAndAddToCartAndPlaceOrderTest -->
  <testcase classname="com.client.BookShop_KK.Module.PopularAuthors.PopularAuthorsTest" name="sortDiscountSelectAddToCartAndPlaceOrderFromPopularAuthorTest" time="6.367"/>
  <testcase classname="src.test.java.com.client.BookShop_KK.Module.HealthAndCooking.HealthAndCooking" name="productDetailRemainConstantInCarPageTest" time="2.047">
    <failure type="java.lang.AssertionError" message="The following asserts failed:
	expected [SAVOUR MUMBAI: A Culinary Journey Through India&amp;apos;s Melting Pot] but found [Human Resource Management : Text and Cases 7th Edition],
	expected [2] but found [9],
	expected [true] but found [false]">
      <![CDATA[java.lang.AssertionError: The following asserts failed:
expected [SAVOUR MUMBAI: A Culinary Journey Through India's Melting Pot] but found [Human Resource Management : Text and Cases 7th Edition],
expected [2] but found [9],
expected [true] but found [false]
at src.test.java.com.client.BookShop_KK.Module.HealthAndCooking.HealthAndCooking.productDetailRemainConstantInCarPageTest(HealthAndCooking.java:67)
at java.base/java.util.concurrent.Executors$RunnableAdapter.call(Executors.java:572)
at java.base/java.util.concurrent.FutureTask.run(FutureTask.java:317)
at java.base/java.util.concurrent.ThreadPoolExecutor.runWorker(ThreadPoolExecutor.java:1144)
at java.base/java.util.concurrent.ThreadPoolExecutor$Worker.run(ThreadPoolExecutor.java:642)
at java.base/java.lang.Thread.run(Thread.java:1583)
... Removed 13 stack frames]]>
    </failure>
  </testcase> <!-- productDetailRemainConstantInCarPageTest -->
  <testcase classname="com.client.BookShop_KK.Module.RegionalBooks.RegionalBooksTest" name="selectBookAndAddToCartAndPlaceOrderTest" time="1.467">
    <failure type="java.lang.AssertionError" message="The following asserts failed:
	expected [Bharat Ki Rajvyavastha] but found [Human Resource Management : Text and Cases 7th Edition],
	expected [2] but found [9],
	expected [true] but found [false],
	expected [Madhusala] but found [SAVOUR MUMBAI: A Culinary Journey Through India&amp;apos;s Melting Pot],
	expected [true] but found [false]">
      <![CDATA[java.lang.AssertionError: The following asserts failed:
expected [Bharat Ki Rajvyavastha] but found [Human Resource Management : Text and Cases 7th Edition],
expected [2] but found [9],
expected [true] but found [false],
expected [Madhusala] but found [SAVOUR MUMBAI: A Culinary Journey Through India's Melting Pot],
expected [true] but found [false]
at com.client.BookShop_KK.Module.RegionalBooks.RegionalBooksTest.selectBookAndAddToCartAndPlaceOrderTest(RegionalBooksTest.java:65)
at java.base/java.util.concurrent.Executors$RunnableAdapter.call(Executors.java:572)
at java.base/java.util.concurrent.FutureTask.run(FutureTask.java:317)
at java.base/java.util.concurrent.ThreadPoolExecutor.runWorker(ThreadPoolExecutor.java:1144)
at java.base/java.util.concurrent.ThreadPoolExecutor$Worker.run(ThreadPoolExecutor.java:642)
at java.base/java.lang.Thread.run(Thread.java:1583)
... Removed 13 stack frames]]>
    </failure>
  </testcase> <!-- selectBookAndAddToCartAndPlaceOrderTest -->
  <testcase classname="com.client.BookShop_KK.Module.PopularAuthors.PopularAuthorsTest" name="sortPriceSelectAddToCartAndPlaceOrderFromPopularAuthorTest" time="2.864">
    <failure type="java.lang.AssertionError" message="The following asserts failed:
	expected [Our Impossible Love] but found [SAVOUR MUMBAI: A Culinary Journey Through India&amp;apos;s Melting Pot],
	expected [4] but found [3],
	expected [true] but found [false]">
      <![CDATA[java.lang.AssertionError: The following asserts failed:
expected [Our Impossible Love] but found [SAVOUR MUMBAI: A Culinary Journey Through India's Melting Pot],
expected [4] but found [3],
expected [true] but found [false]
at com.client.BookShop_KK.Module.PopularAuthors.PopularAuthorsTest.sortPriceSelectAddToCartAndPlaceOrderFromPopularAuthorTest(PopularAuthorsTest.java:130)
at java.base/java.util.concurrent.Executors$RunnableAdapter.call(Executors.java:572)
at java.base/java.util.concurrent.FutureTask.run(FutureTask.java:317)
at java.base/java.util.concurrent.ThreadPoolExecutor.runWorker(ThreadPoolExecutor.java:1144)
at java.base/java.util.concurrent.ThreadPoolExecutor$Worker.run(ThreadPoolExecutor.java:642)
at java.base/java.lang.Thread.run(Thread.java:1583)
... Removed 13 stack frames]]>
    </failure>
  </testcase> <!-- sortPriceSelectAddToCartAndPlaceOrderFromPopularAuthorTest -->
  <testcase classname="com.client.BookShopSystem.BaseUtility.MaterBaseClass" name="@BeforeSuite beforeSuitConfigMethod" time="0.0">
    <ignored/>
  </testcase> <!-- @BeforeSuite beforeSuitConfigMethod -->
  <testcase classname="com.client.BookShop_KK.Module.PopularAuthors.PopularAuthorsTest" name="navigateToPopularAuthorSelectBookAddToCartTest" time="0.0">
    <ignored/>
  </testcase> <!-- navigateToPopularAuthorSelectBookAddToCartTest -->
  <testcase classname="com.client.BookShop_KK.Module.RegionalBooks.RegionalBooksTest" name="selectBookAndAddToCartTest" time="0.0">
    <ignored/>
  </testcase> <!-- selectBookAndAddToCartTest -->
  <testcase classname="src.test.java.com.client.BookShop_KK.Module.HealthAndCooking.HealthAndCooking" name="healthAndCookingLinkAndProductDetailPageTest" time="0.0">
    <ignored/>
  </testcase> <!-- healthAndCookingLinkAndProductDetailPageTest -->
  <testcase classname="com.client.BookShop_KK.Module.PopularAuthors.PopularAuthorsTest" name="verifyPopularAuthorDisplayedTestTest" time="0.0">
    <ignored/>
  </testcase> <!-- verifyPopularAuthorDisplayedTestTest -->
  <testcase classname="com.client.BookShop_KK.Module.PopularAuthors.PopularAuthorsTest" name="verifyBannerLinkLinkTest" time="0.0">
    <ignored/>
  </testcase> <!-- verifyBannerLinkLinkTest -->
  <testcase classname="com.client.BookShopSystem.BaseUtility.MaterBaseClass" name="@AfterSuite afterSuiteConfigMethod" time="0.0">
    <ignored/>
  </testcase> <!-- @AfterSuite afterSuiteConfigMethod -->
  <testcase classname="com.client.BookShop_KK.Module.PopularAuthors.PopularAuthorsTest" name="navigateToPopularAuthorSelectBookAndPlaceOrderTestTest" time="0.0">
    <ignored/>
  </testcase> <!-- navigateToPopularAuthorSelectBookAndPlaceOrderTestTest -->
  <testcase classname="com.client.BookShopSystem.BaseUtility.MaterBaseClass" name="@BeforeSuite beforeSuitConfigMethod" time="0.0">
    <ignored/>
  </testcase> <!-- @BeforeSuite beforeSuitConfigMethod -->
  <testcase classname="com.client.BookShop_KK.Module.RegionalBooks.RegionalBooksTest" name="integrationBetweenChildAndTeensLinkAndProductListingPage" time="0.0">
    <ignored/>
  </testcase> <!-- integrationBetweenChildAndTeensLinkAndProductListingPage -->
  <testcase classname="src.test.java.com.client.BookShop_KK.Module.HealthAndCooking.HealthAndCooking" name="healthAndCookingLinkAndProductListingPageTest" time="0.0">
    <ignored/>
  </testcase> <!-- healthAndCookingLinkAndProductListingPageTest -->
  <testcase classname="com.client.BookShop_KK.Module.PopularAuthors.PopularAuthorsTest" name="verifyPopularAuthorLink" time="0.0">
    <ignored/>
  </testcase> <!-- verifyPopularAuthorLink -->
  <testcase classname="com.client.BookShopSystem.BaseUtility.MaterBaseClass" name="@AfterSuite afterSuiteConfigMethod" time="0.0">
    <ignored/>
  </testcase> <!-- @AfterSuite afterSuiteConfigMethod -->
</testsuite> <!-- Test(failed) -->
