<?xml version="1.0" encoding="UTF-8"?>
<!-- Generated by org.testng.reporters.JUnitXMLReporter -->
<testsuite ignored="13" hostname="DESKTOP-N2HG8IN" failures="18" tests="18" name="Test(failed)(failed)" time="24.366" errors="0" timestamp="2025-10-29T15:35:54 IST">
  <testcase classname="com.client.BookShop_KK.Module.HomePageModule.HomePage02Test" name="createAccount" time="1.572">
    <failure type="java.lang.NullPointerException" message="Cannot invoke &amp;quot;org.openqa.selenium.SearchContext.findElement(org.openqa.selenium.By)&amp;quot; because &amp;quot;this.searchContext&amp;quot; is null">
      <![CDATA[java.lang.NullPointerException: Cannot invoke "org.openqa.selenium.SearchContext.findElement(org.openqa.selenium.By)" because "this.searchContext" is null
at org.openqa.selenium.support.pagefactory.DefaultElementLocator.findElement(DefaultElementLocator.java:68)
at org.openqa.selenium.support.pagefactory.internal.LocatingElementHandler.invoke(LocatingElementHandler.java:38)
at jdk.proxy2/jdk.proxy2.$Proxy15.sendKeys(Unknown Source)
at com.client.BookShop_KK.Module.HomePageModule.HomePage02Test.createAccount(HomePage02Test.java:35)
at java.base/java.util.concurrent.Executors$RunnableAdapter.call(Executors.java:572)
at java.base/java.util.concurrent.FutureTask.run(FutureTask.java:317)
at java.base/java.util.concurrent.ThreadPoolExecutor.runWorker(ThreadPoolExecutor.java:1144)
at java.base/java.util.concurrent.ThreadPoolExecutor$Worker.run(ThreadPoolExecutor.java:642)
at java.base/java.lang.Thread.run(Thread.java:1583)
... Removed 11 stack frames]]>
    </failure>
  </testcase> <!-- createAccount -->
  <testcase classname="src.test.java.com.client.BookShop_KK.Module.TopNavigationBar.TopNavigationBarNegativeTest" name="demo" time="2.85">
    <failure type="java.lang.IllegalArgumentException" message="Keys to send should be a not null CharSequence">
      <![CDATA[java.lang.IllegalArgumentException: Keys to send should be a not null CharSequence
at org.openqa.selenium.remote.RemoteWebElement.sendKeys(RemoteWebElement.java:96)
at org.openqa.selenium.support.pagefactory.internal.LocatingElementHandler.invoke(LocatingElementHandler.java:51)
at jdk.proxy2/jdk.proxy2.$Proxy15.sendKeys(Unknown Source)
at src.test.java.com.client.BookShop_KK.Module.TopNavigationBar.TopNavigationBarNegativeTest.demo(TopNavigationBarNegativeTest.java:13)
at java.base/java.util.concurrent.Executors$RunnableAdapter.call(Executors.java:572)
at java.base/java.util.concurrent.FutureTask.run(FutureTask.java:317)
at java.base/java.util.concurrent.ThreadPoolExecutor.runWorker(ThreadPoolExecutor.java:1144)
at java.base/java.util.concurrent.ThreadPoolExecutor$Worker.run(ThreadPoolExecutor.java:642)
at java.base/java.lang.Thread.run(Thread.java:1583)
... Removed 13 stack frames]]>
    </failure>
  </testcase> <!-- demo -->
  <testcase classname="src.test.java.com.client.BookShop_KK.Module.TopNavigationBar.TopNavigationBarTest" name="searchBarAndProductListingPageTest" time="0.403">
    <failure type="java.lang.IllegalArgumentException" message="Keys to send should be a not null CharSequence">
      <![CDATA[java.lang.IllegalArgumentException: Keys to send should be a not null CharSequence
at org.openqa.selenium.remote.RemoteWebElement.sendKeys(RemoteWebElement.java:96)
at org.openqa.selenium.support.pagefactory.internal.LocatingElementHandler.invoke(LocatingElementHandler.java:51)
at jdk.proxy2/jdk.proxy2.$Proxy15.sendKeys(Unknown Source)
at src.test.java.com.client.BookShop_KK.Module.TopNavigationBar.TopNavigationBarTest.searchBarAndProductListingPageTest(TopNavigationBarTest.java:19)
at java.base/java.util.concurrent.Executors$RunnableAdapter.call(Executors.java:572)
at java.base/java.util.concurrent.FutureTask.run(FutureTask.java:317)
at java.base/java.util.concurrent.ThreadPoolExecutor.runWorker(ThreadPoolExecutor.java:1144)
at java.base/java.util.concurrent.ThreadPoolExecutor$Worker.run(ThreadPoolExecutor.java:642)
at java.base/java.lang.Thread.run(Thread.java:1583)
... Removed 13 stack frames]]>
    </failure>
  </testcase> <!-- searchBarAndProductListingPageTest -->
  <testcase classname="com.client.BookShop_KK.Module.HomePageModule.HomePage02Test" name="verifyUserNamePostAccountCreation" time="1.805">
    <failure type="org.openqa.selenium.ElementClickInterceptedException" message="element click intercepted: Element &amp;lt;button type=&amp;quot;button&amp;quot; id=&amp;quot;register_button&amp;quot; class=&amp;quot;btn btn-lg&amp;quot; data-toggle=&amp;quot;modal&amp;quot; data-target=&amp;quot;#register&amp;quot;&amp;gt;...&amp;lt;/button&amp;gt; is not clickable at point (1481, 22). Other element would receive the click: &amp;lt;div id=&amp;quot;register&amp;quot; class=&amp;quot;modal fade in&amp;quot; role=&amp;quot;dialog&amp;quot; style=&amp;quot;display: block; padding-right: 15px;&amp;quot;&amp;gt;...&amp;lt;/div&amp;gt;
  (Session info: MicrosoftEdge=141.0.3537.99)
Build info: version: &amp;apos;4.30.0&amp;apos;, revision: &amp;apos;509c7f17cc*&amp;apos;
System info: os.name: &amp;apos;Windows 11&amp;apos;, os.arch: &amp;apos;amd64&amp;apos;, os.version: &amp;apos;10.0&amp;apos;, java.version: &amp;apos;21.0.6&amp;apos;
Driver info: org.openqa.selenium.edge.EdgeDriver
Command: [c4b4d44713220ffd6221a4ae2d4ef1c2, clickElement {id=f.19392EB8926487C02593771452E97CF3.d.C8FC9578444817E17504C481A73E2CFF.e.42}]
Capabilities {acceptInsecureCerts: false, browserName: MicrosoftEdge, browserVersion: 141.0.3537.99, fedcm:accounts: true, ms:edgeOptions: {debuggerAddress: localhost:55452}, msedge: {msedgedriverVersion: 141.0.3537.57 (edf1b001e567..., userDataDir: C:\Users\KAIFKH~1\AppData\L...}, networkConnectionEnabled: false, pageLoadStrategy: normal, platformName: windows, proxy: Proxy(), se:cdp: ws://localhost:55452/devtoo..., se:cdpVersion: 141.0.3537.99, setWindowRect: true, strictFileInteractability: false, timeouts: {implicit: 0, pageLoad: 300000, script: 30000}, unhandledPromptBehavior: dismiss and notify, webauthn:extension:credBlob: true, webauthn:extension:largeBlob: true, webauthn:extension:minPinLength: true, webauthn:extension:prf: true, webauthn:virtualAuthenticators: true}
Element: [[EdgeDriver: MicrosoftEdge on windows (c4b4d44713220ffd6221a4ae2d4ef1c2)] -&amp;gt; id: register_button]
Session ID: c4b4d44713220ffd6221a4ae2d4ef1c2">
      <![CDATA[org.openqa.selenium.ElementClickInterceptedException: element click intercepted: Element <button type="button" id="register_button" class="btn btn-lg" data-toggle="modal" data-target="#register">...</button> is not clickable at point (1481, 22). Other element would receive the click: <div id="register" class="modal fade in" role="dialog" style="display: block; padding-right: 15px;">...</div>
  (Session info: MicrosoftEdge=141.0.3537.99)
Build info: version: '4.30.0', revision: '509c7f17cc*'
System info: os.name: 'Windows 11', os.arch: 'amd64', os.version: '10.0', java.version: '21.0.6'
Driver info: org.openqa.selenium.edge.EdgeDriver
Command: [c4b4d44713220ffd6221a4ae2d4ef1c2, clickElement {id=f.19392EB8926487C02593771452E97CF3.d.C8FC9578444817E17504C481A73E2CFF.e.42}]
Capabilities {acceptInsecureCerts: false, browserName: MicrosoftEdge, browserVersion: 141.0.3537.99, fedcm:accounts: true, ms:edgeOptions: {debuggerAddress: localhost:55452}, msedge: {msedgedriverVersion: 141.0.3537.57 (edf1b001e567..., userDataDir: C:\Users\KAIFKH~1\AppData\L...}, networkConnectionEnabled: false, pageLoadStrategy: normal, platformName: windows, proxy: Proxy(), se:cdp: ws://localhost:55452/devtoo..., se:cdpVersion: 141.0.3537.99, setWindowRect: true, strictFileInteractability: false, timeouts: {implicit: 0, pageLoad: 300000, script: 30000}, unhandledPromptBehavior: dismiss and notify, webauthn:extension:credBlob: true, webauthn:extension:largeBlob: true, webauthn:extension:minPinLength: true, webauthn:extension:prf: true, webauthn:virtualAuthenticators: true}
Element: [[EdgeDriver: MicrosoftEdge on windows (c4b4d44713220ffd6221a4ae2d4ef1c2)] -> id: register_button]
Session ID: c4b4d44713220ffd6221a4ae2d4ef1c2
at org.openqa.selenium.remote.ErrorCodec.decode(ErrorCodec.java:167)
at org.openqa.selenium.remote.codec.w3c.W3CHttpResponseCodec.decode(W3CHttpResponseCodec.java:138)
at org.openqa.selenium.remote.codec.w3c.W3CHttpResponseCodec.decode(W3CHttpResponseCodec.java:50)
at org.openqa.selenium.remote.HttpCommandExecutor.execute(HttpCommandExecutor.java:215)
at org.openqa.selenium.remote.service.DriverCommandExecutor.invokeExecute(DriverCommandExecutor.java:216)
at org.openqa.selenium.remote.service.DriverCommandExecutor.execute(DriverCommandExecutor.java:174)
at org.openqa.selenium.remote.RemoteWebDriver.execute(RemoteWebDriver.java:545)
at org.openqa.selenium.remote.RemoteWebElement.execute(RemoteWebElement.java:223)
at org.openqa.selenium.remote.RemoteWebElement.click(RemoteWebElement.java:76)
at org.openqa.selenium.support.pagefactory.internal.LocatingElementHandler.invoke(LocatingElementHandler.java:51)
at jdk.proxy2/jdk.proxy2.$Proxy15.click(Unknown Source)
at com.client.BookShop_KK.Module.HomePageModule.HomePage02Test.verifyUserNamePostAccountCreation(HomePage02Test.java:47)
at java.base/java.util.concurrent.Executors$RunnableAdapter.call(Executors.java:572)
at java.base/java.util.concurrent.FutureTask.run(FutureTask.java:317)
at java.base/java.util.concurrent.ThreadPoolExecutor.runWorker(ThreadPoolExecutor.java:1144)
at java.base/java.util.concurrent.ThreadPoolExecutor$Worker.run(ThreadPoolExecutor.java:642)
at java.base/java.lang.Thread.run(Thread.java:1583)
... Removed 16 stack frames]]>
    </failure>
  </testcase> <!-- verifyUserNamePostAccountCreation -->
  <testcase classname="src.test.java.com.client.BookShop_KK.Module.BusinessAndManagement.BusinessAndManagement" name="productDetailRemainConstantInCarPageTest" time="3.122">
    <failure type="org.openqa.selenium.support.ui.UnexpectedTagNameException" message="Element should have been &amp;quot;select&amp;quot; but was &amp;quot;h2&amp;quot;
Build info: version: &amp;apos;4.30.0&amp;apos;, revision: &amp;apos;509c7f17cc*&amp;apos;
System info: os.name: &amp;apos;Windows 11&amp;apos;, os.arch: &amp;apos;amd64&amp;apos;, os.version: &amp;apos;10.0&amp;apos;, java.version: &amp;apos;21.0.6&amp;apos;
Driver info: driver.version: unknown">
      <![CDATA[org.openqa.selenium.support.ui.UnexpectedTagNameException: Element should have been "select" but was "h2"
Build info: version: '4.30.0', revision: '509c7f17cc*'
System info: os.name: 'Windows 11', os.arch: 'amd64', os.version: '10.0', java.version: '21.0.6'
Driver info: driver.version: unknown
at org.openqa.selenium.support.ui.Select.<init>(Select.java:44)
at com.client.BookShopSystem.GenericUtility.WebDriverUtility.selectByValue(WebDriverUtility.java:81)
at src.test.java.com.client.BookShop_KK.Module.BusinessAndManagement.BusinessAndManagement.productDetailRemainConstantInCarPageTest(BusinessAndManagement.java:60)
at java.base/java.util.concurrent.Executors$RunnableAdapter.call(Executors.java:572)
at java.base/java.util.concurrent.FutureTask.run(FutureTask.java:317)
at java.base/java.util.concurrent.ThreadPoolExecutor.runWorker(ThreadPoolExecutor.java:1144)
at java.base/java.util.concurrent.ThreadPoolExecutor$Worker.run(ThreadPoolExecutor.java:642)
at java.base/java.lang.Thread.run(Thread.java:1583)
... Removed 11 stack frames]]>
    </failure>
  </testcase> <!-- productDetailRemainConstantInCarPageTest -->
  <testcase classname="src.test.java.com.client.BookShop_KK.Module.HealthAndCooking.HealthAndCooking" name="healthAndCookingLinkAndProductDetailPageTest" time="4.052">
    <failure type="java.lang.AssertionError" message="The following asserts failed:
	expected [true] but found [false]">
      <![CDATA[java.lang.AssertionError: The following asserts failed:
expected [true] but found [false]
at src.test.java.com.client.BookShop_KK.Module.HealthAndCooking.HealthAndCooking.healthAndCookingLinkAndProductDetailPageTest(HealthAndCooking.java:46)
at java.base/java.util.concurrent.Executors$RunnableAdapter.call(Executors.java:572)
at java.base/java.util.concurrent.FutureTask.run(FutureTask.java:317)
at java.base/java.util.concurrent.ThreadPoolExecutor.runWorker(ThreadPoolExecutor.java:1144)
at java.base/java.util.concurrent.ThreadPoolExecutor$Worker.run(ThreadPoolExecutor.java:642)
at java.base/java.lang.Thread.run(Thread.java:1583)
... Removed 13 stack frames]]>
    </failure>
  </testcase> <!-- healthAndCookingLinkAndProductDetailPageTest -->
  <testcase classname="com.client.BookShop_KK.Module.HomePageModule.HomePage02Test" name="veifySignUpButton" time="1.833">
    <failure type="org.openqa.selenium.ElementClickInterceptedException" message="element click intercepted: Element &amp;lt;button type=&amp;quot;button&amp;quot; id=&amp;quot;register_button&amp;quot; class=&amp;quot;btn btn-lg&amp;quot; data-toggle=&amp;quot;modal&amp;quot; data-target=&amp;quot;#register&amp;quot;&amp;gt;...&amp;lt;/button&amp;gt; is not clickable at point (1481, 22). Other element would receive the click: &amp;lt;div id=&amp;quot;register&amp;quot; class=&amp;quot;modal fade in&amp;quot; role=&amp;quot;dialog&amp;quot; style=&amp;quot;display: block; padding-right: 15px;&amp;quot;&amp;gt;...&amp;lt;/div&amp;gt;
  (Session info: MicrosoftEdge=141.0.3537.99)
Build info: version: &amp;apos;4.30.0&amp;apos;, revision: &amp;apos;509c7f17cc*&amp;apos;
System info: os.name: &amp;apos;Windows 11&amp;apos;, os.arch: &amp;apos;amd64&amp;apos;, os.version: &amp;apos;10.0&amp;apos;, java.version: &amp;apos;21.0.6&amp;apos;
Driver info: org.openqa.selenium.edge.EdgeDriver
Command: [c4b4d44713220ffd6221a4ae2d4ef1c2, clickElement {id=f.19392EB8926487C02593771452E97CF3.d.C8FC9578444817E17504C481A73E2CFF.e.42}]
Capabilities {acceptInsecureCerts: false, browserName: MicrosoftEdge, browserVersion: 141.0.3537.99, fedcm:accounts: true, ms:edgeOptions: {debuggerAddress: localhost:55452}, msedge: {msedgedriverVersion: 141.0.3537.57 (edf1b001e567..., userDataDir: C:\Users\KAIFKH~1\AppData\L...}, networkConnectionEnabled: false, pageLoadStrategy: normal, platformName: windows, proxy: Proxy(), se:cdp: ws://localhost:55452/devtoo..., se:cdpVersion: 141.0.3537.99, setWindowRect: true, strictFileInteractability: false, timeouts: {implicit: 0, pageLoad: 300000, script: 30000}, unhandledPromptBehavior: dismiss and notify, webauthn:extension:credBlob: true, webauthn:extension:largeBlob: true, webauthn:extension:minPinLength: true, webauthn:extension:prf: true, webauthn:virtualAuthenticators: true}
Element: [[EdgeDriver: MicrosoftEdge on windows (c4b4d44713220ffd6221a4ae2d4ef1c2)] -&amp;gt; id: register_button]
Session ID: c4b4d44713220ffd6221a4ae2d4ef1c2">
      <![CDATA[org.openqa.selenium.ElementClickInterceptedException: element click intercepted: Element <button type="button" id="register_button" class="btn btn-lg" data-toggle="modal" data-target="#register">...</button> is not clickable at point (1481, 22). Other element would receive the click: <div id="register" class="modal fade in" role="dialog" style="display: block; padding-right: 15px;">...</div>
  (Session info: MicrosoftEdge=141.0.3537.99)
Build info: version: '4.30.0', revision: '509c7f17cc*'
System info: os.name: 'Windows 11', os.arch: 'amd64', os.version: '10.0', java.version: '21.0.6'
Driver info: org.openqa.selenium.edge.EdgeDriver
Command: [c4b4d44713220ffd6221a4ae2d4ef1c2, clickElement {id=f.19392EB8926487C02593771452E97CF3.d.C8FC9578444817E17504C481A73E2CFF.e.42}]
Capabilities {acceptInsecureCerts: false, browserName: MicrosoftEdge, browserVersion: 141.0.3537.99, fedcm:accounts: true, ms:edgeOptions: {debuggerAddress: localhost:55452}, msedge: {msedgedriverVersion: 141.0.3537.57 (edf1b001e567..., userDataDir: C:\Users\KAIFKH~1\AppData\L...}, networkConnectionEnabled: false, pageLoadStrategy: normal, platformName: windows, proxy: Proxy(), se:cdp: ws://localhost:55452/devtoo..., se:cdpVersion: 141.0.3537.99, setWindowRect: true, strictFileInteractability: false, timeouts: {implicit: 0, pageLoad: 300000, script: 30000}, unhandledPromptBehavior: dismiss and notify, webauthn:extension:credBlob: true, webauthn:extension:largeBlob: true, webauthn:extension:minPinLength: true, webauthn:extension:prf: true, webauthn:virtualAuthenticators: true}
Element: [[EdgeDriver: MicrosoftEdge on windows (c4b4d44713220ffd6221a4ae2d4ef1c2)] -> id: register_button]
Session ID: c4b4d44713220ffd6221a4ae2d4ef1c2
at org.openqa.selenium.remote.ErrorCodec.decode(ErrorCodec.java:167)
at org.openqa.selenium.remote.codec.w3c.W3CHttpResponseCodec.decode(W3CHttpResponseCodec.java:138)
at org.openqa.selenium.remote.codec.w3c.W3CHttpResponseCodec.decode(W3CHttpResponseCodec.java:50)
at org.openqa.selenium.remote.HttpCommandExecutor.execute(HttpCommandExecutor.java:215)
at org.openqa.selenium.remote.service.DriverCommandExecutor.invokeExecute(DriverCommandExecutor.java:216)
at org.openqa.selenium.remote.service.DriverCommandExecutor.execute(DriverCommandExecutor.java:174)
at org.openqa.selenium.remote.RemoteWebDriver.execute(RemoteWebDriver.java:545)
at org.openqa.selenium.remote.RemoteWebElement.execute(RemoteWebElement.java:223)
at org.openqa.selenium.remote.RemoteWebElement.click(RemoteWebElement.java:76)
at org.openqa.selenium.support.pagefactory.internal.LocatingElementHandler.invoke(LocatingElementHandler.java:51)
at jdk.proxy2/jdk.proxy2.$Proxy15.click(Unknown Source)
at com.client.BookShop_KK.Module.HomePageModule.HomePage02Test.veifySignUpButton(HomePage02Test.java:23)
at java.base/java.util.concurrent.Executors$RunnableAdapter.call(Executors.java:572)
at java.base/java.util.concurrent.FutureTask.run(FutureTask.java:317)
at java.base/java.util.concurrent.ThreadPoolExecutor.runWorker(ThreadPoolExecutor.java:1144)
at java.base/java.util.concurrent.ThreadPoolExecutor$Worker.run(ThreadPoolExecutor.java:642)
at java.base/java.lang.Thread.run(Thread.java:1583)
... Removed 16 stack frames]]>
    </failure>
  </testcase> <!-- veifySignUpButton -->
  <testcase classname="src.test.java.com.client.BookShop_KK.Module.TopNavigationBar.TopNavigationBarTest" name="searchBarAndCartPageTest" time="0.155">
    <failure type="java.lang.IllegalArgumentException" message="Keys to send should be a not null CharSequence">
      <![CDATA[java.lang.IllegalArgumentException: Keys to send should be a not null CharSequence
at org.openqa.selenium.remote.RemoteWebElement.sendKeys(RemoteWebElement.java:96)
at org.openqa.selenium.support.pagefactory.internal.LocatingElementHandler.invoke(LocatingElementHandler.java:51)
at jdk.proxy2/jdk.proxy2.$Proxy15.sendKeys(Unknown Source)
at src.test.java.com.client.BookShop_KK.Module.TopNavigationBar.TopNavigationBarTest.searchBarAndCartPageTest(TopNavigationBarTest.java:55)
at java.base/java.util.concurrent.Executors$RunnableAdapter.call(Executors.java:572)
at java.base/java.util.concurrent.FutureTask.run(FutureTask.java:317)
at java.base/java.util.concurrent.ThreadPoolExecutor.runWorker(ThreadPoolExecutor.java:1144)
at java.base/java.util.concurrent.ThreadPoolExecutor$Worker.run(ThreadPoolExecutor.java:642)
at java.base/java.lang.Thread.run(Thread.java:1583)
... Removed 13 stack frames]]>
    </failure>
  </testcase> <!-- searchBarAndCartPageTest -->
  <testcase classname="src.test.java.com.client.BookShop_KK.Module.BusinessAndManagement.BusinessAndManagement" name="verifyPriceSortingLowToHigh" time="0.797">
    <failure type="java.lang.NumberFormatException" message="For input string: &amp;quot;Low To High Price &amp;quot;">
      <![CDATA[java.lang.NumberFormatException: For input string: "Low To High Price "
at java.base/java.lang.NumberFormatException.forInputString(NumberFormatException.java:67)
at java.base/java.lang.Integer.parseInt(Integer.java:662)
at java.base/java.lang.Integer.parseInt(Integer.java:778)
at com.client.BookShopSystem.GenericUtility.WebDriverUtility.selectByVisibleText(WebDriverUtility.java:88)
at src.test.java.com.client.BookShop_KK.Module.BusinessAndManagement.BusinessAndManagement.verifyPriceSortingLowToHigh(BusinessAndManagement.java:98)
at java.base/java.util.concurrent.Executors$RunnableAdapter.call(Executors.java:572)
at java.base/java.util.concurrent.FutureTask.run(FutureTask.java:317)
at java.base/java.util.concurrent.ThreadPoolExecutor.runWorker(ThreadPoolExecutor.java:1144)
at java.base/java.util.concurrent.ThreadPoolExecutor$Worker.run(ThreadPoolExecutor.java:642)
at java.base/java.lang.Thread.run(Thread.java:1583)
... Removed 11 stack frames]]>
    </failure>
  </testcase> <!-- verifyPriceSortingLowToHigh -->
  <testcase classname="src.test.java.com.client.BookShop_KK.Module.HealthAndCooking.HealthAndCooking" name="productDetailRemainConstantInCarPageTest" time="1.248">
    <failure type="org.openqa.selenium.support.ui.UnexpectedTagNameException" message="Element should have been &amp;quot;select&amp;quot; but was &amp;quot;h2&amp;quot;
Build info: version: &amp;apos;4.30.0&amp;apos;, revision: &amp;apos;509c7f17cc*&amp;apos;
System info: os.name: &amp;apos;Windows 11&amp;apos;, os.arch: &amp;apos;amd64&amp;apos;, os.version: &amp;apos;10.0&amp;apos;, java.version: &amp;apos;21.0.6&amp;apos;
Driver info: driver.version: unknown">
      <![CDATA[org.openqa.selenium.support.ui.UnexpectedTagNameException: Element should have been "select" but was "h2"
Build info: version: '4.30.0', revision: '509c7f17cc*'
System info: os.name: 'Windows 11', os.arch: 'amd64', os.version: '10.0', java.version: '21.0.6'
Driver info: driver.version: unknown
at org.openqa.selenium.support.ui.Select.<init>(Select.java:44)
at com.client.BookShopSystem.GenericUtility.WebDriverUtility.selectByValue(WebDriverUtility.java:81)
at src.test.java.com.client.BookShop_KK.Module.HealthAndCooking.HealthAndCooking.productDetailRemainConstantInCarPageTest(HealthAndCooking.java:60)
at java.base/java.util.concurrent.Executors$RunnableAdapter.call(Executors.java:572)
at java.base/java.util.concurrent.FutureTask.run(FutureTask.java:317)
at java.base/java.util.concurrent.ThreadPoolExecutor.runWorker(ThreadPoolExecutor.java:1144)
at java.base/java.util.concurrent.ThreadPoolExecutor$Worker.run(ThreadPoolExecutor.java:642)
at java.base/java.lang.Thread.run(Thread.java:1583)
... Removed 11 stack frames]]>
    </failure>
  </testcase> <!-- productDetailRemainConstantInCarPageTest -->
  <testcase classname="src.test.java.com.client.BookShop_KK.Module.TopNavigationBar.TopNavigationBarTest" name="searchBarAndPlaceOrderTest" time="0.14">
    <failure type="java.lang.IllegalArgumentException" message="Keys to send should be a not null CharSequence">
      <![CDATA[java.lang.IllegalArgumentException: Keys to send should be a not null CharSequence
at org.openqa.selenium.remote.RemoteWebElement.sendKeys(RemoteWebElement.java:96)
at org.openqa.selenium.support.pagefactory.internal.LocatingElementHandler.invoke(LocatingElementHandler.java:51)
at jdk.proxy2/jdk.proxy2.$Proxy15.sendKeys(Unknown Source)
at src.test.java.com.client.BookShop_KK.Module.TopNavigationBar.TopNavigationBarTest.searchBarAndPlaceOrderTest(TopNavigationBarTest.java:77)
at java.base/java.util.concurrent.Executors$RunnableAdapter.call(Executors.java:572)
at java.base/java.util.concurrent.FutureTask.run(FutureTask.java:317)
at java.base/java.util.concurrent.ThreadPoolExecutor.runWorker(ThreadPoolExecutor.java:1144)
at java.base/java.util.concurrent.ThreadPoolExecutor$Worker.run(ThreadPoolExecutor.java:642)
at java.base/java.lang.Thread.run(Thread.java:1583)
... Removed 13 stack frames]]>
    </failure>
  </testcase> <!-- searchBarAndPlaceOrderTest -->
  <testcase classname="src.test.java.com.client.BookShop_KK.Module.TopNavigationBar.TopNavigationBarTest" name="searchBarAndProductDetailPageTest" time="0.098">
    <failure type="java.lang.IllegalArgumentException" message="Keys to send should be a not null CharSequence">
      <![CDATA[java.lang.IllegalArgumentException: Keys to send should be a not null CharSequence
at org.openqa.selenium.remote.RemoteWebElement.sendKeys(RemoteWebElement.java:96)
at org.openqa.selenium.support.pagefactory.internal.LocatingElementHandler.invoke(LocatingElementHandler.java:51)
at jdk.proxy2/jdk.proxy2.$Proxy15.sendKeys(Unknown Source)
at src.test.java.com.client.BookShop_KK.Module.TopNavigationBar.TopNavigationBarTest.searchBarAndProductDetailPageTest(TopNavigationBarTest.java:34)
at java.base/java.util.concurrent.Executors$RunnableAdapter.call(Executors.java:572)
at java.base/java.util.concurrent.FutureTask.run(FutureTask.java:317)
at java.base/java.util.concurrent.ThreadPoolExecutor.runWorker(ThreadPoolExecutor.java:1144)
at java.base/java.util.concurrent.ThreadPoolExecutor$Worker.run(ThreadPoolExecutor.java:642)
at java.base/java.lang.Thread.run(Thread.java:1583)
... Removed 13 stack frames]]>
    </failure>
  </testcase> <!-- searchBarAndProductDetailPageTest -->
  <testcase classname="src.test.java.com.client.BookShop_KK.Module.BusinessAndManagement.BusinessAndManagement" name="businessAndManagementLinkAndProductDetailPageTest" time="1.151">
    <failure type="java.lang.AssertionError" message="The following asserts failed:
	expected [true] but found [false]">
      <![CDATA[java.lang.AssertionError: The following asserts failed:
expected [true] but found [false]
at src.test.java.com.client.BookShop_KK.Module.BusinessAndManagement.BusinessAndManagement.businessAndManagementLinkAndProductDetailPageTest(BusinessAndManagement.java:46)
at java.base/java.util.concurrent.Executors$RunnableAdapter.call(Executors.java:572)
at java.base/java.util.concurrent.FutureTask.run(FutureTask.java:317)
at java.base/java.util.concurrent.ThreadPoolExecutor.runWorker(ThreadPoolExecutor.java:1144)
at java.base/java.util.concurrent.ThreadPoolExecutor$Worker.run(ThreadPoolExecutor.java:642)
at java.base/java.lang.Thread.run(Thread.java:1583)
... Removed 13 stack frames]]>
    </failure>
  </testcase> <!-- businessAndManagementLinkAndProductDetailPageTest -->
  <testcase classname="src.test.java.com.client.BookShop_KK.Module.TopNavigationBar.TopNavigationBarTest" name="searchBarAndAddToCartTest" time="0.075">
    <failure type="java.lang.IllegalArgumentException" message="Keys to send should be a not null CharSequence">
      <![CDATA[java.lang.IllegalArgumentException: Keys to send should be a not null CharSequence
at org.openqa.selenium.remote.RemoteWebElement.sendKeys(RemoteWebElement.java:96)
at org.openqa.selenium.support.pagefactory.internal.LocatingElementHandler.invoke(LocatingElementHandler.java:51)
at jdk.proxy2/jdk.proxy2.$Proxy15.sendKeys(Unknown Source)
at src.test.java.com.client.BookShop_KK.Module.TopNavigationBar.TopNavigationBarTest.searchBarAndAddToCartTest(TopNavigationBarTest.java:111)
at java.base/java.util.concurrent.Executors$RunnableAdapter.call(Executors.java:572)
at java.base/java.util.concurrent.FutureTask.run(FutureTask.java:317)
at java.base/java.util.concurrent.ThreadPoolExecutor.runWorker(ThreadPoolExecutor.java:1144)
at java.base/java.util.concurrent.ThreadPoolExecutor$Worker.run(ThreadPoolExecutor.java:642)
at java.base/java.lang.Thread.run(Thread.java:1583)
... Removed 13 stack frames]]>
    </failure>
  </testcase> <!-- searchBarAndAddToCartTest -->
  <testcase classname="src.test.java.com.client.BookShop_KK.Module.TopNavigationBar.TopNavigationBarTest" name="InvalidProductNameAndProductListingPageTest" time="0.085">
    <failure type="java.lang.IllegalArgumentException" message="Keys to send should be a not null CharSequence">
      <![CDATA[java.lang.IllegalArgumentException: Keys to send should be a not null CharSequence
at org.openqa.selenium.remote.RemoteWebElement.sendKeys(RemoteWebElement.java:96)
at org.openqa.selenium.support.pagefactory.internal.LocatingElementHandler.invoke(LocatingElementHandler.java:51)
at jdk.proxy2/jdk.proxy2.$Proxy15.sendKeys(Unknown Source)
at src.test.java.com.client.BookShop_KK.Module.TopNavigationBar.TopNavigationBarTest.InvalidProductNameAndProductListingPageTest(TopNavigationBarTest.java:94)
at java.base/java.util.concurrent.Executors$RunnableAdapter.call(Executors.java:572)
at java.base/java.util.concurrent.FutureTask.run(FutureTask.java:317)
at java.base/java.util.concurrent.ThreadPoolExecutor.runWorker(ThreadPoolExecutor.java:1144)
at java.base/java.util.concurrent.ThreadPoolExecutor$Worker.run(ThreadPoolExecutor.java:642)
at java.base/java.lang.Thread.run(Thread.java:1583)
... Removed 13 stack frames]]>
    </failure>
  </testcase> <!-- InvalidProductNameAndProductListingPageTest -->
  <testcase classname="src.test.java.com.client.BookShop_KK.Module.BusinessAndManagement.BusinessAndManagement" name="verifyDiscountSortingLowToHigh" time="0.547">
    <failure type="java.lang.NumberFormatException" message="For input string: &amp;quot;Low To High Discount &amp;quot;">
      <![CDATA[java.lang.NumberFormatException: For input string: "Low To High Discount "
at java.base/java.lang.NumberFormatException.forInputString(NumberFormatException.java:67)
at java.base/java.lang.Integer.parseInt(Integer.java:662)
at java.base/java.lang.Integer.parseInt(Integer.java:778)
at com.client.BookShopSystem.GenericUtility.WebDriverUtility.selectByVisibleText(WebDriverUtility.java:88)
at src.test.java.com.client.BookShop_KK.Module.BusinessAndManagement.BusinessAndManagement.verifyDiscountSortingLowToHigh(BusinessAndManagement.java:136)
at java.base/java.util.concurrent.Executors$RunnableAdapter.call(Executors.java:572)
at java.base/java.util.concurrent.FutureTask.run(FutureTask.java:317)
at java.base/java.util.concurrent.ThreadPoolExecutor.runWorker(ThreadPoolExecutor.java:1144)
at java.base/java.util.concurrent.ThreadPoolExecutor$Worker.run(ThreadPoolExecutor.java:642)
at java.base/java.lang.Thread.run(Thread.java:1583)
... Removed 11 stack frames]]>
    </failure>
  </testcase> <!-- verifyDiscountSortingLowToHigh -->
  <testcase classname="src.test.java.com.client.BookShop_KK.Module.BusinessAndManagement.BusinessAndManagement" name="verifyPriceSortingHighToLow" time="0.289">
    <failure type="java.lang.NumberFormatException" message="For input string: &amp;quot;Highest To Lowest Price &amp;quot;">
      <![CDATA[java.lang.NumberFormatException: For input string: "Highest To Lowest Price "
at java.base/java.lang.NumberFormatException.forInputString(NumberFormatException.java:67)
at java.base/java.lang.Integer.parseInt(Integer.java:662)
at java.base/java.lang.Integer.parseInt(Integer.java:778)
at com.client.BookShopSystem.GenericUtility.WebDriverUtility.selectByVisibleText(WebDriverUtility.java:88)
at src.test.java.com.client.BookShop_KK.Module.BusinessAndManagement.BusinessAndManagement.verifyPriceSortingHighToLow(BusinessAndManagement.java:117)
at java.base/java.util.concurrent.Executors$RunnableAdapter.call(Executors.java:572)
at java.base/java.util.concurrent.FutureTask.run(FutureTask.java:317)
at java.base/java.util.concurrent.ThreadPoolExecutor.runWorker(ThreadPoolExecutor.java:1144)
at java.base/java.util.concurrent.ThreadPoolExecutor$Worker.run(ThreadPoolExecutor.java:642)
at java.base/java.lang.Thread.run(Thread.java:1583)
... Removed 11 stack frames]]>
    </failure>
  </testcase> <!-- verifyPriceSortingHighToLow -->
  <testcase classname="src.test.java.com.client.BookShop_KK.Module.BusinessAndManagement.BusinessAndManagement" name="verifyDiscountSortingHighToLow" time="0.293">
    <failure type="java.lang.NumberFormatException" message="For input string: &amp;quot;Highest To Lowest Discount&amp;quot;">
      <![CDATA[java.lang.NumberFormatException: For input string: "Highest To Lowest Discount"
at java.base/java.lang.NumberFormatException.forInputString(NumberFormatException.java:67)
at java.base/java.lang.Integer.parseInt(Integer.java:662)
at java.base/java.lang.Integer.parseInt(Integer.java:778)
at com.client.BookShopSystem.GenericUtility.WebDriverUtility.selectByVisibleText(WebDriverUtility.java:88)
at src.test.java.com.client.BookShop_KK.Module.BusinessAndManagement.BusinessAndManagement.verifyDiscountSortingHighToLow(BusinessAndManagement.java:155)
at java.base/java.util.concurrent.Executors$RunnableAdapter.call(Executors.java:572)
at java.base/java.util.concurrent.FutureTask.run(FutureTask.java:317)
at java.base/java.util.concurrent.ThreadPoolExecutor.runWorker(ThreadPoolExecutor.java:1144)
at java.base/java.util.concurrent.ThreadPoolExecutor$Worker.run(ThreadPoolExecutor.java:642)
at java.base/java.lang.Thread.run(Thread.java:1583)
... Removed 11 stack frames]]>
    </failure>
  </testcase> <!-- verifyDiscountSortingHighToLow -->
  <testcase classname="com.client.BookShopSystem.BaseUtility.MaterBaseClass" name="@BeforeSuite beforeSuitConfigMethod" time="0.0">
    <ignored/>
  </testcase> <!-- @BeforeSuite beforeSuitConfigMethod -->
  <testcase classname="com.client.BookShopSystem.BaseUtility.MaterBaseClass" name="@BeforeSuite beforeSuitConfigMethod" time="0.0">
    <ignored/>
  </testcase> <!-- @BeforeSuite beforeSuitConfigMethod -->
  <testcase classname="src.test.java.com.client.BookShop_KK.Module.BusinessAndManagement.BusinessAndManagement" name="businessAndManagementLinkAndProductListingPageTest" time="0.0">
    <ignored/>
  </testcase> <!-- businessAndManagementLinkAndProductListingPageTest -->
  <testcase classname="src.test.java.com.client.BookShop_KK.Module.HealthAndCooking.HealthAndCooking" name="healthAndCookingLinkAndProductListingPageTest" time="0.0">
    <ignored/>
  </testcase> <!-- healthAndCookingLinkAndProductListingPageTest -->
  <testcase classname="com.client.BookShopSystem.BaseUtility.MaterBaseClass" name="@AfterSuite afterSuiteConfigMethod" time="0.0">
    <ignored/>
  </testcase> <!-- @AfterSuite afterSuiteConfigMethod -->
  <testcase classname="com.client.BookShopSystem.BaseUtility.MaterBaseClass" name="@AfterSuite afterSuiteConfigMethod" time="0.0">
    <ignored/>
  </testcase> <!-- @AfterSuite afterSuiteConfigMethod -->
  <testcase classname="com.client.BookShopSystem.BaseUtility.MaterBaseClass" name="@AfterSuite afterSuiteConfigMethod" time="0.0">
    <ignored/>
  </testcase> <!-- @AfterSuite afterSuiteConfigMethod -->
  <testcase classname="com.client.BookShopSystem.BaseUtility.MaterBaseClass" name="@BeforeSuite beforeSuitConfigMethod" time="0.0">
    <ignored/>
  </testcase> <!-- @BeforeSuite beforeSuitConfigMethod -->
  <testcase classname="com.client.BookShop_KK.Module.HomePageModule.HomePage02Test" name="veifyLoginButton" time="0.0">
    <ignored/>
  </testcase> <!-- veifyLoginButton -->
  <testcase classname="src.test.java.com.client.BookShop_KK.Module.BusinessAndManagement.BusinessAndManagement" name="verifySortLinkDisdplay" time="0.0">
    <ignored/>
  </testcase> <!-- verifySortLinkDisdplay -->
  <testcase classname="com.client.BookShopSystem.BaseUtility.MaterBaseClass" name="@AfterSuite afterSuiteConfigMethod" time="0.0">
    <ignored/>
  </testcase> <!-- @AfterSuite afterSuiteConfigMethod -->
  <testcase classname="src.test.java.com.client.BookShop_KK.Module.BusinessAndManagement.BusinessAndManagement" name="userIsAbleToNavigateBackToHomePage" time="0.0">
    <ignored/>
  </testcase> <!-- userIsAbleToNavigateBackToHomePage -->
  <testcase classname="com.client.BookShopSystem.BaseUtility.MaterBaseClass" name="@BeforeSuite beforeSuitConfigMethod" time="0.0">
    <ignored/>
  </testcase> <!-- @BeforeSuite beforeSuitConfigMethod -->
</testsuite> <!-- Test(failed)(failed) -->
